cl : コマンド ライン  warning D9002: 不明なオプション '/ignore:4049' を無視します。
cl : コマンド ライン  warning D9002: 不明なオプション '/ignore:4098' を無視します。
cl : コマンド ライン  warning D9002: 不明なオプション '/ignore:4049' を無視します。
cl : コマンド ライン  warning D9002: 不明なオプション '/ignore:4049' を無視します。
cl : コマンド ライン  warning D9002: 不明なオプション '/ignore:4098' を無視します。
cl : コマンド ライン  warning D9002: 不明なオプション '/ignore:4049' を無視します。
cl : コマンド ライン  warning D9002: 不明なオプション '/ignore:4098' を無視します。
cl : コマンド ライン  warning D9002: 不明なオプション '/ignore:4049' を無視します。
  D3DResourceLeakChecker.cpp
cl : コマンド ライン  warning D9002: 不明なオプション '/ignore:4098' を無視します。
  DirectXCommon.cpp
cl : コマンド ライン  warning D9002: 不明なオプション '/ignore:4098' を無視します。
  imgui.cpp
  imgui_demo.cpp
cl : コマンド ライン  warning D9002: 不明なオプション '/ignore:4049' を無視します。
cl : コマンド ライン  warning D9002: 不明なオプション '/ignore:4049' を無視します。
cl : コマンド ライン  warning D9002: 不明なオプション '/ignore:4098' を無視します。
cl : コマンド ライン  warning D9002: 不明なオプション '/ignore:4098' を無視します。
  imgui_draw.cpp
  imgui_impl_dx12.cpp
cl : コマンド ライン  warning D9002: 不明なオプション '/ignore:4049' を無視します。
cl : コマンド ライン  warning D9002: 不明なオプション '/ignore:4049' を無視します。
cl : コマンド ライン  warning D9002: 不明なオプション '/ignore:4098' を無視します。
cl : コマンド ライン  warning D9002: 不明なオプション '/ignore:4098' を無視します。
cl : コマンド ライン  warning D9002: 不明なオプション '/ignore:4049' を無視します。
cl : コマンド ライン  warning D9002: 不明なオプション '/ignore:4049' を無視します。
  imgui_impl_win32.cpp
  imgui_tables.cpp
cl : コマンド ライン  warning D9002: 不明なオプション '/ignore:4098' を無視します。
cl : コマンド ライン  warning D9002: 不明なオプション '/ignore:4049' を無視します。
cl : コマンド ライン  warning D9002: 不明なオプション '/ignore:4049' を無視します。
cl : コマンド ライン  warning D9002: 不明なオプション '/ignore:4049' を無視します。
cl : コマンド ライン  warning D9002: 不明なオプション '/ignore:4098' を無視します。
cl : コマンド ライン  warning D9002: 不明なオプション '/ignore:4049' を無視します。
  imgui_widgets.cpp
cl : コマンド ライン  warning D9002: 不明なオプション '/ignore:4098' を無視します。
cl : コマンド ライン  warning D9002: 不明なオプション '/ignore:4098' を無視します。
cl : コマンド ライン  warning D9002: 不明なオプション '/ignore:4098' を無視します。
  Input.cpp
cl : コマンド ライン  warning D9002: 不明なオプション '/ignore:4049' を無視します。
cl : コマンド ライン  warning D9002: 不明なオプション '/ignore:4098' を無視します。
  Logger.cpp
  main.cpp
  Model.cpp
cl : コマンド ライン  warning D9002: 不明なオプション '/ignore:4049' を無視します。
cl : コマンド ライン  warning D9002: 不明なオプション '/ignore:4098' を無視します。
  ModelCommon.cpp
cl : コマンド ライン  warning D9002: 不明なオプション '/ignore:4098' を無視します。
  ModelManager.cpp
  MyMath.cpp
C:\Users\k023g\Desktop\CG2\CG2_0_1\project\gameEngine\3d\Model.h(3,10): error C1083: include ファイルを開けません。'MyMath.h':No such file or directory
  (ソース ファイル 'gameEngine/3d/Model.cpp' をコンパイルしています)
  
  Object3d.cpp
C:\Users\k023g\Desktop\CG2\CG2_0_1\project\gameEngine\3d\Object3d.h(3,10): error C1083: include ファイルを開けません。'MyMath.h':No such file or directory
  (ソース ファイル 'gameEngine/3d/Object3d.cpp' をコンパイルしています)
  
  Object3dCommon.cpp
  Sprite.cpp
  SpriteCommon.cpp
  StringUtility.cpp
  TextureManager.cpp
  WinApp.cpp
C:\Users\k023g\Desktop\CG2\CG2_0_1\project\gameEngine\3d\Model.h(3,10): error C1083: include ファイルを開けません。'MyMath.h':No such file or directory
  (ソース ファイル 'gameEngine/3d/ModelManager.cpp' をコンパイルしています)
  
C:\Users\k023g\Desktop\CG2\CG2_0_1\project\gameEngine\io\Input.h(10,10): error C1083: include ファイルを開けません。'WinApp.h':No such file or directory
  (ソース ファイル 'gameEngine/io/Input.cpp' をコンパイルしています)
  
C:\Users\k023g\Desktop\CG2\CG2_0_1\project\gameEngine\3d\ModelCommon.h(6,10): error C1083: include ファイルを開けません。'DirectXCommon.h':No such file or directory
  (ソース ファイル 'gameEngine/3d/ModelCommon.cpp' をコンパイルしています)
  
C:\Users\k023g\Desktop\CG2\CG2_0_1\project\gameEngine\3d\Object3dCommon.h(6,10): error C1083: include ファイルを開けません。'DirectXCommon.h':No such file or directory
  (ソース ファイル 'gameEngine/3d/Object3dCommon.cpp' をコンパイルしています)
  
C:\Users\k023g\Desktop\CG2\CG2_0_1\project\gameEngine\2d\SpriteCommon.h(5,10): error C1083: include ファイルを開けません。'DirectXCommon.h':No such file or directory
  (ソース ファイル 'gameEngine/2d/SpriteCommon.cpp' をコンパイルしています)
  
C:\Users\k023g\Desktop\CG2\CG2_0_1\project\main.cpp(13,10): error C1083: include ファイルを開けません。'Input.h':No such file or directory
C:\Users\k023g\Desktop\CG2\CG2_0_1\project\gameEngine\2d\Sprite.h(9,10): error C1083: include ファイルを開けません。'MyMath.h':No such file or directory
  (ソース ファイル 'gameEngine/2d/Sprite.cpp' をコンパイルしています)
  
C:\Users\k023g\Desktop\CG2\CG2_0_1\project\gameEngine\base\DirectXCommon.h(21,10): error C1083: include ファイルを開けません。'StringUtility.h':No such file or directory
  (ソース ファイル 'gameEngine/base/DirectXCommon.cpp' をコンパイルしています)
  
C:\Users\k023g\Desktop\CG2\CG2_0_1\project\gameEngine\base\DirectXCommon.h(21,10): error C1083: include ファイルを開けません。'StringUtility.h':No such file or directory
  (ソース ファイル 'gameEngine/base/TextureManager.cpp' をコンパイルしています)
  
